16-02-2018 23:07:29 INFO  - FrameworkServlet 'dispatcher': initialization started
16-02-2018 23:07:29 INFO  - Refreshing WebApplicationContext for namespace 'dispatcher-servlet': startup date [Fri Feb 16 23:07:29 CET 2018]; root of context hierarchy
16-02-2018 23:07:29 INFO  - Registering annotated classes: [class com.meuge.cvl.config.WebConfig]
16-02-2018 23:07:30 INFO  - JSR-330 'javax.inject.Inject' annotation found and supported for autowiring
16-02-2018 23:07:30 INFO  - Mapped "{[/errors],methods=[GET]}" onto public org.springframework.web.servlet.ModelAndView com.meuge.cvl.controller.ErrorController.renderErrorPage(javax.servlet.http.HttpServletRequest)
16-02-2018 23:07:30 INFO  - Mapped "{[/],methods=[GET]}" onto public java.lang.String com.meuge.cvl.controller.FormulaireController.registration()
16-02-2018 23:07:30 INFO  - Mapped "{[/saveUserMan],methods=[POST]}" onto public java.lang.String com.meuge.cvl.controller.FormulaireController.saveUser(com.meuge.cvl.model.Formulaire,org.springframework.ui.Model)
16-02-2018 23:07:30 INFO  - Mapped URL path [/resources/**] onto handler of type [class org.springframework.web.servlet.resource.ResourceHttpRequestHandler]
16-02-2018 23:07:30 INFO  - Looking for @ControllerAdvice: WebApplicationContext for namespace 'dispatcher-servlet': startup date [Fri Feb 16 23:07:29 CET 2018]; root of context hierarchy
16-02-2018 23:07:30 INFO  - FrameworkServlet 'dispatcher': initialization completed in 867 ms
16-02-2018 23:07:56 WARN  - No mapping found for HTTP request with URI [/toto] in DispatcherServlet with name 'dispatcher'
16-02-2018 23:10:16 INFO  - FrameworkServlet 'dispatcher': initialization started
16-02-2018 23:10:16 INFO  - Refreshing WebApplicationContext for namespace 'dispatcher-servlet': startup date [Fri Feb 16 23:10:16 CET 2018]; root of context hierarchy
16-02-2018 23:10:16 INFO  - Registering annotated classes: [class com.meuge.cvl.config.WebConfig]
16-02-2018 23:10:16 INFO  - JSR-330 'javax.inject.Inject' annotation found and supported for autowiring
16-02-2018 23:10:17 INFO  - Mapped "{[/errors],methods=[GET]}" onto public org.springframework.web.servlet.ModelAndView com.meuge.cvl.controller.ErrorController.renderErrorPage(javax.servlet.http.HttpServletRequest)
16-02-2018 23:10:17 INFO  - Mapped "{[/],methods=[GET]}" onto public java.lang.String com.meuge.cvl.controller.FormulaireController.registration()
16-02-2018 23:10:17 INFO  - Mapped "{[/saveUserMan],methods=[POST]}" onto public java.lang.String com.meuge.cvl.controller.FormulaireController.saveUser(com.meuge.cvl.model.Formulaire,org.springframework.ui.Model)
16-02-2018 23:10:17 INFO  - Mapped URL path [/resources/**] onto handler of type [class org.springframework.web.servlet.resource.ResourceHttpRequestHandler]
16-02-2018 23:10:17 INFO  - Looking for @ControllerAdvice: WebApplicationContext for namespace 'dispatcher-servlet': startup date [Fri Feb 16 23:10:16 CET 2018]; root of context hierarchy
16-02-2018 23:10:17 INFO  - FrameworkServlet 'dispatcher': initialization completed in 1035 ms
16-02-2018 23:10:32 WARN  - No mapping found for HTTP request with URI [/cvl/toto] in DispatcherServlet with name 'dispatcher'
16-02-2018 23:21:16 INFO  - FrameworkServlet 'dispatcher': initialization started
16-02-2018 23:21:16 INFO  - Refreshing WebApplicationContext for namespace 'dispatcher-servlet': startup date [Fri Feb 16 23:21:16 CET 2018]; root of context hierarchy
16-02-2018 23:21:16 INFO  - Registering annotated classes: [class com.meuge.cvl.config.WebConfig]
16-02-2018 23:21:16 INFO  - JSR-330 'javax.inject.Inject' annotation found and supported for autowiring
16-02-2018 23:21:17 INFO  - Mapped "{[/],methods=[GET]}" onto public java.lang.String com.meuge.cvl.controller.FormulaireController.registration()
16-02-2018 23:21:17 INFO  - Mapped "{[/saveUserMan],methods=[POST]}" onto public java.lang.String com.meuge.cvl.controller.FormulaireController.saveUser(com.meuge.cvl.model.Formulaire,org.springframework.ui.Model)
16-02-2018 23:21:17 INFO  - Mapped URL path [/resources/**] onto handler of type [class org.springframework.web.servlet.resource.ResourceHttpRequestHandler]
16-02-2018 23:21:17 INFO  - Looking for @ControllerAdvice: WebApplicationContext for namespace 'dispatcher-servlet': startup date [Fri Feb 16 23:21:16 CET 2018]; root of context hierarchy
16-02-2018 23:21:17 INFO  - Detected @ExceptionHandler methods in errorController
16-02-2018 23:21:17 INFO  - FrameworkServlet 'dispatcher': initialization completed in 1268 ms
16-02-2018 23:21:44 WARN  - No mapping found for HTTP request with URI [/cvl/rty] in DispatcherServlet with name 'dispatcher'
16-02-2018 23:21:48 WARN  - No mapping found for HTTP request with URI [/cvl/rty] in DispatcherServlet with name 'dispatcher'
16-02-2018 23:21:55 WARN  - No mapping found for HTTP request with URI [/cvl/rty] in DispatcherServlet with name 'dispatcher'
16-02-2018 23:29:26 INFO  - FrameworkServlet 'dispatcher': initialization started
16-02-2018 23:29:26 INFO  - Refreshing WebApplicationContext for namespace 'dispatcher-servlet': startup date [Fri Feb 16 23:29:26 CET 2018]; root of context hierarchy
16-02-2018 23:29:26 INFO  - Registering annotated classes: [class com.meuge.cvl.config.WebConfig]
16-02-2018 23:29:26 INFO  - JSR-330 'javax.inject.Inject' annotation found and supported for autowiring
16-02-2018 23:29:26 INFO  - Mapped "{[/],methods=[GET]}" onto public java.lang.String com.meuge.cvl.controller.FormulaireController.registration()
16-02-2018 23:29:26 INFO  - Mapped "{[/saveUserMan],methods=[POST]}" onto public java.lang.String com.meuge.cvl.controller.FormulaireController.saveUser(com.meuge.cvl.model.Formulaire,org.springframework.ui.Model)
16-02-2018 23:29:27 INFO  - Mapped URL path [/resources/**] onto handler of type [class org.springframework.web.servlet.resource.ResourceHttpRequestHandler]
16-02-2018 23:29:27 INFO  - Looking for @ControllerAdvice: WebApplicationContext for namespace 'dispatcher-servlet': startup date [Fri Feb 16 23:29:26 CET 2018]; root of context hierarchy
16-02-2018 23:29:27 INFO  - Detected @ExceptionHandler methods in errorController
16-02-2018 23:29:27 INFO  - FrameworkServlet 'dispatcher': initialization completed in 912 ms
16-02-2018 23:29:49 WARN  - No mapping found for HTTP request with URI [/cvl/sg] in DispatcherServlet with name 'dispatcher'
16-02-2018 23:30:11 INFO  - FrameworkServlet 'dispatcher': initialization started
16-02-2018 23:30:11 INFO  - Refreshing WebApplicationContext for namespace 'dispatcher-servlet': startup date [Fri Feb 16 23:30:11 CET 2018]; root of context hierarchy
16-02-2018 23:30:11 INFO  - Registering annotated classes: [class com.meuge.cvl.config.WebConfig]
16-02-2018 23:30:11 INFO  - JSR-330 'javax.inject.Inject' annotation found and supported for autowiring
16-02-2018 23:30:12 INFO  - Mapped "{[/],methods=[GET]}" onto public java.lang.String com.meuge.cvl.controller.FormulaireController.registration()
16-02-2018 23:30:12 INFO  - Mapped "{[/saveUserMan],methods=[POST]}" onto public java.lang.String com.meuge.cvl.controller.FormulaireController.saveUser(com.meuge.cvl.model.Formulaire,org.springframework.ui.Model)
16-02-2018 23:30:12 INFO  - Mapped URL path [/resources/**] onto handler of type [class org.springframework.web.servlet.resource.ResourceHttpRequestHandler]
16-02-2018 23:30:12 INFO  - Looking for @ControllerAdvice: WebApplicationContext for namespace 'dispatcher-servlet': startup date [Fri Feb 16 23:30:11 CET 2018]; root of context hierarchy
16-02-2018 23:30:12 INFO  - Detected @ExceptionHandler methods in errorController
16-02-2018 23:30:16 INFO  - FrameworkServlet 'dispatcher': initialization completed in 5616 ms
16-02-2018 23:30:24 WARN  - No mapping found for HTTP request with URI [/cvl/sg] in DispatcherServlet with name 'dispatcher'
16-02-2018 23:34:19 INFO  - Closing WebApplicationContext for namespace 'dispatcher-servlet': startup date [Fri Feb 16 23:30:11 CET 2018]; root of context hierarchy
16-02-2018 23:34:20 INFO  - FrameworkServlet 'dispatcher': initialization started
16-02-2018 23:34:20 INFO  - Refreshing WebApplicationContext for namespace 'dispatcher-servlet': startup date [Fri Feb 16 23:34:20 CET 2018]; root of context hierarchy
16-02-2018 23:34:20 INFO  - Registering annotated classes: [class com.meuge.cvl.config.WebConfig]
16-02-2018 23:34:20 INFO  - JSR-330 'javax.inject.Inject' annotation found and supported for autowiring
16-02-2018 23:34:21 INFO  - Mapped "{[/],methods=[GET]}" onto public java.lang.String com.meuge.cvl.controller.FormulaireController.registration()
16-02-2018 23:34:21 INFO  - Mapped "{[/saveUserMan],methods=[POST]}" onto public java.lang.String com.meuge.cvl.controller.FormulaireController.saveUser(com.meuge.cvl.model.Formulaire,org.springframework.ui.Model)
16-02-2018 23:34:21 INFO  - Mapped URL path [/resources/**] onto handler of type [class org.springframework.web.servlet.resource.ResourceHttpRequestHandler]
16-02-2018 23:34:21 INFO  - Looking for @ControllerAdvice: WebApplicationContext for namespace 'dispatcher-servlet': startup date [Fri Feb 16 23:34:20 CET 2018]; root of context hierarchy
16-02-2018 23:34:21 INFO  - Detected @ExceptionHandler methods in errorController
16-02-2018 23:34:21 INFO  - FrameworkServlet 'dispatcher': initialization completed in 734 ms
16-02-2018 23:34:34 INFO  - FrameworkServlet 'dispatcher': initialization started
16-02-2018 23:34:34 INFO  - Refreshing WebApplicationContext for namespace 'dispatcher-servlet': startup date [Fri Feb 16 23:34:34 CET 2018]; root of context hierarchy
16-02-2018 23:34:34 INFO  - Registering annotated classes: [class com.meuge.cvl.config.WebConfig]
16-02-2018 23:34:34 INFO  - JSR-330 'javax.inject.Inject' annotation found and supported for autowiring
16-02-2018 23:34:35 INFO  - Mapped "{[/],methods=[GET]}" onto public java.lang.String com.meuge.cvl.controller.FormulaireController.registration()
16-02-2018 23:34:35 INFO  - Mapped "{[/saveUserMan],methods=[POST]}" onto public java.lang.String com.meuge.cvl.controller.FormulaireController.saveUser(com.meuge.cvl.model.Formulaire,org.springframework.ui.Model)
16-02-2018 23:34:35 INFO  - Mapped URL path [/resources/**] onto handler of type [class org.springframework.web.servlet.resource.ResourceHttpRequestHandler]
16-02-2018 23:34:35 INFO  - Looking for @ControllerAdvice: WebApplicationContext for namespace 'dispatcher-servlet': startup date [Fri Feb 16 23:34:34 CET 2018]; root of context hierarchy
16-02-2018 23:34:35 INFO  - Detected @ExceptionHandler methods in errorController
16-02-2018 23:34:35 INFO  - FrameworkServlet 'dispatcher': initialization completed in 1044 ms
16-02-2018 23:34:43 WARN  - No mapping found for HTTP request with URI [/cvl/sg] in DispatcherServlet with name 'dispatcher'
16-02-2018 23:39:04 INFO  - FrameworkServlet 'dispatcher': initialization started
16-02-2018 23:39:04 INFO  - Refreshing WebApplicationContext for namespace 'dispatcher-servlet': startup date [Fri Feb 16 23:39:04 CET 2018]; root of context hierarchy
16-02-2018 23:39:04 INFO  - Registering annotated classes: [class com.meuge.cvl.config.WebConfig]
16-02-2018 23:39:04 INFO  - JSR-330 'javax.inject.Inject' annotation found and supported for autowiring
16-02-2018 23:39:04 INFO  - Mapped "{[/saveUserMan],methods=[POST]}" onto public java.lang.String com.meuge.cvl.controller.FormulaireController.saveUser(com.meuge.cvl.model.Formulaire,org.springframework.ui.Model)
16-02-2018 23:39:04 INFO  - Mapped "{[/],methods=[GET]}" onto public java.lang.String com.meuge.cvl.controller.FormulaireController.registration()
16-02-2018 23:39:04 INFO  - Mapped URL path [/resources/**] onto handler of type [class org.springframework.web.servlet.resource.ResourceHttpRequestHandler]
16-02-2018 23:39:04 INFO  - Looking for @ControllerAdvice: WebApplicationContext for namespace 'dispatcher-servlet': startup date [Fri Feb 16 23:39:04 CET 2018]; root of context hierarchy
16-02-2018 23:39:04 INFO  - Detected @ExceptionHandler methods in errorController
16-02-2018 23:39:05 INFO  - FrameworkServlet 'dispatcher': initialization completed in 964 ms
16-02-2018 23:39:13 WARN  - No mapping found for HTTP request with URI [/cvl/sg] in DispatcherServlet with name 'dispatcher'
16-02-2018 23:51:59 INFO  - FrameworkServlet 'dispatcher': initialization started
16-02-2018 23:51:59 INFO  - Refreshing WebApplicationContext for namespace 'dispatcher-servlet': startup date [Fri Feb 16 23:51:59 CET 2018]; root of context hierarchy
16-02-2018 23:51:59 INFO  - Registering annotated classes: [class com.meuge.cvl.config.WebConfig]
16-02-2018 23:51:59 INFO  - JSR-330 'javax.inject.Inject' annotation found and supported for autowiring
16-02-2018 23:52:00 INFO  - Mapped "{[/],methods=[GET]}" onto public java.lang.String com.meuge.cvl.controller.FormulaireController.registration()
16-02-2018 23:52:00 INFO  - Mapped "{[/saveUserMan],methods=[POST]}" onto public java.lang.String com.meuge.cvl.controller.FormulaireController.saveUser(com.meuge.cvl.model.Formulaire,org.springframework.ui.Model)
16-02-2018 23:52:00 INFO  - Mapped URL path [/resources/**] onto handler of type [class org.springframework.web.servlet.resource.ResourceHttpRequestHandler]
16-02-2018 23:52:00 INFO  - Looking for @ControllerAdvice: WebApplicationContext for namespace 'dispatcher-servlet': startup date [Fri Feb 16 23:51:59 CET 2018]; root of context hierarchy
16-02-2018 23:52:00 INFO  - Detected @ExceptionHandler methods in errorController
16-02-2018 23:52:00 INFO  - FrameworkServlet 'dispatcher': initialization completed in 1114 ms
16-02-2018 23:52:21 WARN  - No mapping found for HTTP request with URI [/cvl/sp] in DispatcherServlet with name 'dispatcher'
16-02-2018 23:52:21 WARN  - Failed to invoke @ExceptionHandler method: public org.springframework.web.servlet.ModelAndView com.meuge.cvl.controller.ErrorController.defaultErrorHandler(javax.servlet.http.HttpServletRequest,java.lang.Exception) throws java.lang.Exception
java.lang.NullPointerException
	at com.meuge.cvl.controller.ErrorController.getErrorCode(ErrorController.java:31)
	at com.meuge.cvl.controller.ErrorController.getMessage(ErrorController.java:36)
	at com.meuge.cvl.controller.ErrorController.defaultErrorHandler(ErrorController.java:24)
	at sun.reflect.NativeMethodAccessorImpl.invoke0(Native Method)
	at sun.reflect.NativeMethodAccessorImpl.invoke(NativeMethodAccessorImpl.java:62)
	at sun.reflect.DelegatingMethodAccessorImpl.invoke(DelegatingMethodAccessorImpl.java:43)
	at java.lang.reflect.Method.invoke(Method.java:498)
	at org.springframework.web.method.support.InvocableHandlerMethod.doInvoke(InvocableHandlerMethod.java:205)
	at org.springframework.web.method.support.InvocableHandlerMethod.invokeForRequest(InvocableHandlerMethod.java:133)
	at org.springframework.web.servlet.mvc.method.annotation.ServletInvocableHandlerMethod.invokeAndHandle(ServletInvocableHandlerMethod.java:116)
	at org.springframework.web.servlet.mvc.method.annotation.ExceptionHandlerExceptionResolver.doResolveHandlerMethodException(ExceptionHandlerExceptionResolver.java:384)
	at org.springframework.web.servlet.handler.AbstractHandlerMethodExceptionResolver.doResolveException(AbstractHandlerMethodExceptionResolver.java:59)
	at org.springframework.web.servlet.handler.AbstractHandlerExceptionResolver.resolveException(AbstractHandlerExceptionResolver.java:136)
	at org.springframework.web.servlet.handler.HandlerExceptionResolverComposite.resolveException(HandlerExceptionResolverComposite.java:74)
	at org.springframework.web.servlet.DispatcherServlet.processHandlerException(DispatcherServlet.java:1218)
	at org.springframework.web.servlet.DispatcherServlet.processDispatchResult(DispatcherServlet.java:1030)
	at org.springframework.web.servlet.DispatcherServlet.doDispatch(DispatcherServlet.java:980)
	at org.springframework.web.servlet.DispatcherServlet.doService(DispatcherServlet.java:897)
	at org.springframework.web.servlet.FrameworkServlet.processRequest(FrameworkServlet.java:970)
	at org.springframework.web.servlet.FrameworkServlet.doGet(FrameworkServlet.java:861)
	at javax.servlet.http.HttpServlet.service(HttpServlet.java:687)
	at org.springframework.web.servlet.FrameworkServlet.service(FrameworkServlet.java:846)
	at javax.servlet.http.HttpServlet.service(HttpServlet.java:790)
	at org.eclipse.jetty.servlet.ServletHolder.handle(ServletHolder.java:808)
	at org.eclipse.jetty.servlet.ServletHandler.doHandle(ServletHandler.java:587)
	at org.eclipse.jetty.server.handler.ScopedHandler.handle(ScopedHandler.java:143)
	at org.eclipse.jetty.security.SecurityHandler.handle(SecurityHandler.java:577)
	at org.eclipse.jetty.server.session.SessionHandler.doHandle(SessionHandler.java:223)
	at org.eclipse.jetty.server.handler.ContextHandler.doHandle(ContextHandler.java:1127)
	at org.eclipse.jetty.servlet.ServletHandler.doScope(ServletHandler.java:515)
	at org.eclipse.jetty.server.session.SessionHandler.doScope(SessionHandler.java:185)
	at org.eclipse.jetty.server.handler.ContextHandler.doScope(ContextHandler.java:1061)
	at org.eclipse.jetty.server.handler.ScopedHandler.handle(ScopedHandler.java:141)
	at org.eclipse.jetty.server.handler.ContextHandlerCollection.handle(ContextHandlerCollection.java:215)
	at org.eclipse.jetty.server.handler.HandlerCollection.handle(HandlerCollection.java:110)
	at org.eclipse.jetty.server.handler.HandlerWrapper.handle(HandlerWrapper.java:97)
	at org.eclipse.jetty.server.Server.handle(Server.java:499)
	at org.eclipse.jetty.server.HttpChannel.handle(HttpChannel.java:310)
	at org.eclipse.jetty.server.HttpConnection.onFillable(HttpConnection.java:257)
	at org.eclipse.jetty.io.AbstractConnection$2.run(AbstractConnection.java:540)
	at org.eclipse.jetty.util.thread.QueuedThreadPool.runJob(QueuedThreadPool.java:635)
	at org.eclipse.jetty.util.thread.QueuedThreadPool$3.run(QueuedThreadPool.java:555)
	at java.lang.Thread.run(Thread.java:748)
16-02-2018 23:52:59 WARN  - No mapping found for HTTP request with URI [/cvl/sp] in DispatcherServlet with name 'dispatcher'
16-02-2018 23:53:30 WARN  - Failed to invoke @ExceptionHandler method: public org.springframework.web.servlet.ModelAndView com.meuge.cvl.controller.ErrorController.defaultErrorHandler(javax.servlet.http.HttpServletRequest,java.lang.Exception) throws java.lang.Exception
java.lang.NullPointerException
	at com.meuge.cvl.controller.ErrorController.getErrorCode(ErrorController.java:31)
	at com.meuge.cvl.controller.ErrorController.getMessage(ErrorController.java:36)
	at com.meuge.cvl.controller.ErrorController.defaultErrorHandler(ErrorController.java:24)
	at sun.reflect.NativeMethodAccessorImpl.invoke0(Native Method)
	at sun.reflect.NativeMethodAccessorImpl.invoke(NativeMethodAccessorImpl.java:62)
	at sun.reflect.DelegatingMethodAccessorImpl.invoke(DelegatingMethodAccessorImpl.java:43)
	at java.lang.reflect.Method.invoke(Method.java:498)
	at org.springframework.web.method.support.InvocableHandlerMethod.doInvoke(InvocableHandlerMethod.java:205)
	at org.springframework.web.method.support.InvocableHandlerMethod.invokeForRequest(InvocableHandlerMethod.java:133)
	at org.springframework.web.servlet.mvc.method.annotation.ServletInvocableHandlerMethod.invokeAndHandle(ServletInvocableHandlerMethod.java:116)
	at org.springframework.web.servlet.mvc.method.annotation.ExceptionHandlerExceptionResolver.doResolveHandlerMethodException(ExceptionHandlerExceptionResolver.java:384)
	at org.springframework.web.servlet.handler.AbstractHandlerMethodExceptionResolver.doResolveException(AbstractHandlerMethodExceptionResolver.java:59)
	at org.springframework.web.servlet.handler.AbstractHandlerExceptionResolver.resolveException(AbstractHandlerExceptionResolver.java:136)
	at org.springframework.web.servlet.handler.HandlerExceptionResolverComposite.resolveException(HandlerExceptionResolverComposite.java:74)
	at org.springframework.web.servlet.DispatcherServlet.processHandlerException(DispatcherServlet.java:1218)
	at org.springframework.web.servlet.DispatcherServlet.processDispatchResult(DispatcherServlet.java:1030)
	at org.springframework.web.servlet.DispatcherServlet.doDispatch(DispatcherServlet.java:980)
	at org.springframework.web.servlet.DispatcherServlet.doService(DispatcherServlet.java:897)
	at org.springframework.web.servlet.FrameworkServlet.processRequest(FrameworkServlet.java:970)
	at org.springframework.web.servlet.FrameworkServlet.doGet(FrameworkServlet.java:861)
	at javax.servlet.http.HttpServlet.service(HttpServlet.java:687)
	at org.springframework.web.servlet.FrameworkServlet.service(FrameworkServlet.java:846)
	at javax.servlet.http.HttpServlet.service(HttpServlet.java:790)
	at org.eclipse.jetty.servlet.ServletHolder.handle(ServletHolder.java:808)
	at org.eclipse.jetty.servlet.ServletHandler.doHandle(ServletHandler.java:587)
	at org.eclipse.jetty.server.handler.ScopedHandler.handle(ScopedHandler.java:143)
	at org.eclipse.jetty.security.SecurityHandler.handle(SecurityHandler.java:577)
	at org.eclipse.jetty.server.session.SessionHandler.doHandle(SessionHandler.java:223)
	at org.eclipse.jetty.server.handler.ContextHandler.doHandle(ContextHandler.java:1127)
	at org.eclipse.jetty.servlet.ServletHandler.doScope(ServletHandler.java:515)
	at org.eclipse.jetty.server.session.SessionHandler.doScope(SessionHandler.java:185)
	at org.eclipse.jetty.server.handler.ContextHandler.doScope(ContextHandler.java:1061)
	at org.eclipse.jetty.server.handler.ScopedHandler.handle(ScopedHandler.java:141)
	at org.eclipse.jetty.server.handler.ContextHandlerCollection.handle(ContextHandlerCollection.java:215)
	at org.eclipse.jetty.server.handler.HandlerCollection.handle(HandlerCollection.java:110)
	at org.eclipse.jetty.server.handler.HandlerWrapper.handle(HandlerWrapper.java:97)
	at org.eclipse.jetty.server.Server.handle(Server.java:499)
	at org.eclipse.jetty.server.HttpChannel.handle(HttpChannel.java:310)
	at org.eclipse.jetty.server.HttpConnection.onFillable(HttpConnection.java:257)
	at org.eclipse.jetty.io.AbstractConnection$2.run(AbstractConnection.java:540)
	at org.eclipse.jetty.util.thread.QueuedThreadPool.runJob(QueuedThreadPool.java:635)
	at org.eclipse.jetty.util.thread.QueuedThreadPool$3.run(QueuedThreadPool.java:555)
	at java.lang.Thread.run(Thread.java:748)
16-02-2018 23:53:35 WARN  - No mapping found for HTTP request with URI [/cvl/sp] in DispatcherServlet with name 'dispatcher'
16-02-2018 23:59:05 INFO  - FrameworkServlet 'dispatcher': initialization started
16-02-2018 23:59:05 INFO  - Refreshing WebApplicationContext for namespace 'dispatcher-servlet': startup date [Fri Feb 16 23:59:05 CET 2018]; root of context hierarchy
16-02-2018 23:59:05 INFO  - Registering annotated classes: [class com.meuge.cvl.config.WebConfig]
16-02-2018 23:59:05 INFO  - JSR-330 'javax.inject.Inject' annotation found and supported for autowiring
16-02-2018 23:59:06 INFO  - Mapped "{[/saveUserMan],methods=[POST]}" onto public java.lang.String com.meuge.cvl.controller.FormulaireController.saveUser(com.meuge.cvl.model.Formulaire,org.springframework.ui.Model)
16-02-2018 23:59:06 INFO  - Mapped "{[/],methods=[GET]}" onto public java.lang.String com.meuge.cvl.controller.FormulaireController.registration()
16-02-2018 23:59:06 INFO  - Mapped URL path [/resources/**] onto handler of type [class org.springframework.web.servlet.resource.ResourceHttpRequestHandler]
16-02-2018 23:59:06 INFO  - Looking for @ControllerAdvice: WebApplicationContext for namespace 'dispatcher-servlet': startup date [Fri Feb 16 23:59:05 CET 2018]; root of context hierarchy
16-02-2018 23:59:06 INFO  - Detected @ExceptionHandler methods in errorController
16-02-2018 23:59:06 INFO  - FrameworkServlet 'dispatcher': initialization completed in 941 ms
16-02-2018 23:59:13 WARN  - No mapping found for HTTP request with URI [/cvl/sp] in DispatcherServlet with name 'dispatcher'
16-02-2018 23:59:47 WARN  - Failed to invoke @ExceptionHandler method: public org.springframework.web.servlet.ModelAndView com.meuge.cvl.controller.ErrorController.defaultErrorHandler(javax.servlet.http.HttpServletRequest,java.lang.Exception) throws java.lang.Exception
java.lang.NullPointerException
	at com.meuge.cvl.controller.ErrorController.getErrorCode(ErrorController.java:39)
	at com.meuge.cvl.controller.ErrorController.getMessage(ErrorController.java:44)
	at com.meuge.cvl.controller.ErrorController.defaultErrorHandler(ErrorController.java:25)
	at sun.reflect.NativeMethodAccessorImpl.invoke0(Native Method)
	at sun.reflect.NativeMethodAccessorImpl.invoke(NativeMethodAccessorImpl.java:62)
	at sun.reflect.DelegatingMethodAccessorImpl.invoke(DelegatingMethodAccessorImpl.java:43)
	at java.lang.reflect.Method.invoke(Method.java:498)
	at org.springframework.web.method.support.InvocableHandlerMethod.doInvoke(InvocableHandlerMethod.java:205)
	at org.springframework.web.method.support.InvocableHandlerMethod.invokeForRequest(InvocableHandlerMethod.java:133)
	at org.springframework.web.servlet.mvc.method.annotation.ServletInvocableHandlerMethod.invokeAndHandle(ServletInvocableHandlerMethod.java:116)
	at org.springframework.web.servlet.mvc.method.annotation.ExceptionHandlerExceptionResolver.doResolveHandlerMethodException(ExceptionHandlerExceptionResolver.java:384)
	at org.springframework.web.servlet.handler.AbstractHandlerMethodExceptionResolver.doResolveException(AbstractHandlerMethodExceptionResolver.java:59)
	at org.springframework.web.servlet.handler.AbstractHandlerExceptionResolver.resolveException(AbstractHandlerExceptionResolver.java:136)
	at org.springframework.web.servlet.handler.HandlerExceptionResolverComposite.resolveException(HandlerExceptionResolverComposite.java:74)
	at org.springframework.web.servlet.DispatcherServlet.processHandlerException(DispatcherServlet.java:1218)
	at org.springframework.web.servlet.DispatcherServlet.processDispatchResult(DispatcherServlet.java:1030)
	at org.springframework.web.servlet.DispatcherServlet.doDispatch(DispatcherServlet.java:980)
	at org.springframework.web.servlet.DispatcherServlet.doService(DispatcherServlet.java:897)
	at org.springframework.web.servlet.FrameworkServlet.processRequest(FrameworkServlet.java:970)
	at org.springframework.web.servlet.FrameworkServlet.doGet(FrameworkServlet.java:861)
	at javax.servlet.http.HttpServlet.service(HttpServlet.java:687)
	at org.springframework.web.servlet.FrameworkServlet.service(FrameworkServlet.java:846)
	at javax.servlet.http.HttpServlet.service(HttpServlet.java:790)
	at org.eclipse.jetty.servlet.ServletHolder.handle(ServletHolder.java:808)
	at org.eclipse.jetty.servlet.ServletHandler.doHandle(ServletHandler.java:587)
	at org.eclipse.jetty.server.handler.ScopedHandler.handle(ScopedHandler.java:143)
	at org.eclipse.jetty.security.SecurityHandler.handle(SecurityHandler.java:577)
	at org.eclipse.jetty.server.session.SessionHandler.doHandle(SessionHandler.java:223)
	at org.eclipse.jetty.server.handler.ContextHandler.doHandle(ContextHandler.java:1127)
	at org.eclipse.jetty.servlet.ServletHandler.doScope(ServletHandler.java:515)
	at org.eclipse.jetty.server.session.SessionHandler.doScope(SessionHandler.java:185)
	at org.eclipse.jetty.server.handler.ContextHandler.doScope(ContextHandler.java:1061)
	at org.eclipse.jetty.server.handler.ScopedHandler.handle(ScopedHandler.java:141)
	at org.eclipse.jetty.server.handler.ContextHandlerCollection.handle(ContextHandlerCollection.java:215)
	at org.eclipse.jetty.server.handler.HandlerCollection.handle(HandlerCollection.java:110)
	at org.eclipse.jetty.server.handler.HandlerWrapper.handle(HandlerWrapper.java:97)
	at org.eclipse.jetty.server.Server.handle(Server.java:499)
	at org.eclipse.jetty.server.HttpChannel.handle(HttpChannel.java:310)
	at org.eclipse.jetty.server.HttpConnection.onFillable(HttpConnection.java:257)
	at org.eclipse.jetty.io.AbstractConnection$2.run(AbstractConnection.java:540)
	at org.eclipse.jetty.util.thread.QueuedThreadPool.runJob(QueuedThreadPool.java:635)
	at org.eclipse.jetty.util.thread.QueuedThreadPool$3.run(QueuedThreadPool.java:555)
	at java.lang.Thread.run(Thread.java:748)
17-02-2018 00:00:03 WARN  - No mapping found for HTTP request with URI [/cvl/sp] in DispatcherServlet with name 'dispatcher'
17-02-2018 00:07:41 INFO  - FrameworkServlet 'dispatcher': initialization started
17-02-2018 00:07:41 INFO  - Refreshing WebApplicationContext for namespace 'dispatcher-servlet': startup date [Sat Feb 17 00:07:41 CET 2018]; root of context hierarchy
17-02-2018 00:07:41 INFO  - Registering annotated classes: [class com.meuge.cvl.config.WebConfig]
17-02-2018 00:07:41 INFO  - JSR-330 'javax.inject.Inject' annotation found and supported for autowiring
17-02-2018 00:07:42 INFO  - Mapped "{[/saveUserMan],methods=[POST]}" onto public java.lang.String com.meuge.cvl.controller.FormulaireController.saveUser(com.meuge.cvl.model.Formulaire,org.springframework.ui.Model)
17-02-2018 00:07:42 INFO  - Mapped "{[/],methods=[GET]}" onto public java.lang.String com.meuge.cvl.controller.FormulaireController.registration()
17-02-2018 00:07:42 INFO  - Mapped URL path [/resources/**] onto handler of type [class org.springframework.web.servlet.resource.ResourceHttpRequestHandler]
17-02-2018 00:07:42 INFO  - Looking for @ControllerAdvice: WebApplicationContext for namespace 'dispatcher-servlet': startup date [Sat Feb 17 00:07:41 CET 2018]; root of context hierarchy
17-02-2018 00:07:42 INFO  - Detected @ExceptionHandler methods in errorController
17-02-2018 00:07:42 INFO  - FrameworkServlet 'dispatcher': initialization completed in 995 ms
17-02-2018 00:08:06 WARN  - No mapping found for HTTP request with URI [/cvl/mlm] in DispatcherServlet with name 'dispatcher'
17-02-2018 00:14:26 INFO  - FrameworkServlet 'dispatcher': initialization started
17-02-2018 00:14:26 INFO  - Refreshing WebApplicationContext for namespace 'dispatcher-servlet': startup date [Sat Feb 17 00:14:26 CET 2018]; root of context hierarchy
17-02-2018 00:14:26 INFO  - Registering annotated classes: [class com.meuge.cvl.config.WebConfig]
17-02-2018 00:14:26 INFO  - JSR-330 'javax.inject.Inject' annotation found and supported for autowiring
17-02-2018 00:14:26 INFO  - Mapped "{[/saveUserMan],methods=[POST]}" onto public java.lang.String com.meuge.cvl.controller.FormulaireController.saveUser(com.meuge.cvl.model.Formulaire,org.springframework.ui.Model)
17-02-2018 00:14:26 INFO  - Mapped "{[/],methods=[GET]}" onto public java.lang.String com.meuge.cvl.controller.FormulaireController.registration()
17-02-2018 00:14:26 INFO  - Mapped URL path [/resources/**] onto handler of type [class org.springframework.web.servlet.resource.ResourceHttpRequestHandler]
17-02-2018 00:14:26 INFO  - Looking for @ControllerAdvice: WebApplicationContext for namespace 'dispatcher-servlet': startup date [Sat Feb 17 00:14:26 CET 2018]; root of context hierarchy
17-02-2018 00:14:26 INFO  - Detected @ExceptionHandler methods in errorController
